<?xml version="1.0" encoding="UTF-8"?>
<!-- Generated by org.testng.reporters.JUnitXMLReporter -->
<testsuite ignored="0" hostname="LAPTOP-06GFGGBP" failures="1" tests="1" name="Test" time="12.149" errors="0" timestamp="2024-07-15T19:53:38 IST">
  <testcase classname="HTC.GreenKart.OrderSubmit" name="OrderSubmitTest" time="8.14">
    <failure type="java.lang.AssertionError" message="expected [Please accep Terms &amp;amp; Conditions - Required] but found [Please accept Terms &amp;amp; Conditions - Required]">
      <![CDATA[java.lang.AssertionError: expected [Please accep Terms & Conditions - Required] but found [Please accept Terms & Conditions - Required]
at HTC.GreenKart.OrderSubmit.OrderSubmitTest(OrderSubmit.java:50)
at java.base/java.util.ArrayList.forEach(ArrayList.java:1596)
... Removed 31 stack frames]]>
    </failure>
  </testcase> <!-- OrderSubmitTest -->
</testsuite> <!-- Test -->
